[debug] [2021-08-28T12:07:12.488Z] ----------------------------------------------------------------------
[debug] [2021-08-28T12:07:12.490Z] Command:       C:\Program Files\nodejs\node.exe C:\Users\Administrator\AppData\Roaming\npm\node_modules\firebase-tools\lib\bin\firebase.js init
[debug] [2021-08-28T12:07:12.490Z] CLI Version:   9.16.0
[debug] [2021-08-28T12:07:12.490Z] Platform:      win32
[debug] [2021-08-28T12:07:12.490Z] Node Version:  v14.17.3
[debug] [2021-08-28T12:07:12.538Z] Time:          Sat Aug 28 2021 14:07:12 GMT+0200 (South Africa Standard Time)
[debug] [2021-08-28T12:07:12.538Z] ----------------------------------------------------------------------
[debug] 
[debug] [2021-08-28T12:07:12.558Z] >>> [apiv2][query] GET https://firebase-public.firebaseio.com/cli.json [none]
[debug] [2021-08-28T12:07:12.585Z] > command requires scopes: ["email","openid","https://www.googleapis.com/auth/cloudplatformprojects.readonly","https://www.googleapis.com/auth/firebase","https://www.googleapis.com/auth/cloud-platform"]
[debug] [2021-08-28T12:07:12.585Z] > authorizing via signed-in user (mawayalebo@gmail.com)
[info] 
     ######## #### ########  ######## ########     ###     ######  ########
     ##        ##  ##     ## ##       ##     ##  ##   ##  ##       ##
     ######    ##  ########  ######   ########  #########  ######  ######
     ##        ##  ##    ##  ##       ##     ## ##     ##       ## ##
     ##       #### ##     ## ######## ########  ##     ##  ######  ########

You're about to initialize a Firebase project in this directory:

  C:\Users\Administrator\Documents\builds\kantin

[debug] [2021-08-28T12:07:13.880Z] <<< [apiv2][status] GET https://firebase-public.firebaseio.com/cli.json 200
[debug] [2021-08-28T12:07:13.881Z] <<< [apiv2][body] GET https://firebase-public.firebaseio.com/cli.json {"cloudBuildErrorAfter":1594252800000,"cloudBuildWarnAfter":1590019200000,"defaultNode10After":1594252800000,"minVersion":"3.0.5","node8DeploysDisabledAfter":1613390400000,"node8RuntimeDisabledAfter":1615809600000,"node8WarnAfter":1600128000000}
[info] 
=== Project Setup
[info] 
[info] First, let's associate this project directory with a Firebase project.
[info] You can create multiple project aliases by running firebase use --add, 
[info] but for now we'll just set up a default project.
[info] 
[info] i  If you want to create a project in a Google Cloud organization or folder, please use "firebase projects:create" instead, and return to this command when you've created the project. 
